<?xml version="1.0" encoding="UTF-8"?>
<!-- Generated by org.testng.reporters.JUnitXMLReporter -->
<testsuite ignored="1" hostname="DESKTOP-UH5N0DV" failures="0" tests="2" name="Test" time="0.031" errors="0" timestamp="2022-06-21T09:16:27 IST">
  <testcase classname="Demo_Package.TestNG_DemoClass" name="test1" time="0.007"/>
  <testcase classname="Demo_Package.TestNG_DemoClass" name="test2" time="0.0"/>
  <testcase classname="Demo_Package.Demo_Class" name="test1" time="0.0">
    <ignored/>
  </testcase> <!-- test1 -->
</testsuite> <!-- Test -->
